Сборка начата 10.12.2022 0:15:03.
Уровень детализации журнала: Normal.     1>Проект "C:\Users\noname\Desktop\123\SD2\lab09My\lab09\lab09\lab09.vcxproj" в узле 2 (целевые объекты Build).
     1>InitializeBuildStatus:
         Создание "Debug\lab09.tlog\unsuccessfulbuild", так как было задано "AlwaysCreate".
       ClCompile:
         C:\Program Files (x86)\Microsoft Visual Studio\2019\Community\VC\Tools\MSVC\14.29.30133\bin\HostX86\x86\CL.exe /c /ZI /JMC /nologo /W3 /WX- /diagnostics:column /sdl /Od /Oy- /D WIN32 /D _DEBUG /D _CONSOLE /D _UNICODE /D UNICODE /Gm- /EHsc /RTC1 /MDd /GS /fp:precise /permissive- /Zc:wchar_t /Zc:forScope /Zc:inline /Fo"Debug\\" /Fd"Debug\vc142.pdb" /external:W3 /Gd /TP /analyze- /FC /errorReport:prompt lab09.cpp
         lab09.cpp
     1>C:\Users\noname\Desktop\123\SD2\lab09My\lab09\lab09\lab09.cpp(35,23): warning C4018: <: несоответствие типов со знаком и без знака
     1>C:\Users\noname\Desktop\123\SD2\lab09My\lab09\lab09\lab09.cpp(90,27): warning C4018: <: несоответствие типов со знаком и без знака
     1>C:\Users\noname\Desktop\123\SD2\lab09My\lab09\lab09\lab09.cpp(143,32): warning C4244: инициализация: преобразование "double" в "float", возможна потеря данных
       Link:
         C:\Program Files (x86)\Microsoft Visual Studio\2019\Community\VC\Tools\MSVC\14.29.30133\bin\HostX86\x86\link.exe /ERRORREPORT:PROMPT /OUT:"C:\Users\noname\Desktop\123\SD2\lab09My\lab09\Debug\lab09.exe" /INCREMENTAL /ILK:"Debug\lab09.ilk" /NOLOGO kernel32.lib user32.lib gdi32.lib winspool.lib comdlg32.lib advapi32.lib shell32.lib ole32.lib oleaut32.lib uuid.lib odbc32.lib odbccp32.lib /MANIFEST /MANIFESTUAC:"level='asInvoker' uiAccess='false'" /manifest:embed /DEBUG /PDB:"C:\Users\noname\Desktop\123\SD2\lab09My\lab09\Debug\lab09.pdb" /SUBSYSTEM:CONSOLE /TLBID:1 /DYNAMICBASE /NXCOMPAT /IMPLIB:"C:\Users\noname\Desktop\123\SD2\lab09My\lab09\Debug\lab09.lib" /MACHINE:X86 Debug\lab09.obj
         lab09.vcxproj -> C:\Users\noname\Desktop\123\SD2\lab09My\lab09\Debug\lab09.exe
       FinalizeBuildStatus:
         Файл "Debug\lab09.tlog\unsuccessfulbuild" удаляется.
         Обращение к "Debug\lab09.tlog\lab09.lastbuildstate".
     1>Сборка проекта "C:\Users\noname\Desktop\123\SD2\lab09My\lab09\lab09\lab09.vcxproj" завершена (целевые объекты Build).

Сборка успешно завершена.

       "C:\Users\noname\Desktop\123\SD2\lab09My\lab09\lab09\lab09.vcxproj" (целевой объект Build ) (1) ->
       (Целевой объект ClCompile) -> 
         C:\Users\noname\Desktop\123\SD2\lab09My\lab09\lab09\lab09.cpp(35,23): warning C4018: <: несоответствие типов со знаком и без знака
         C:\Users\noname\Desktop\123\SD2\lab09My\lab09\lab09\lab09.cpp(90,27): warning C4018: <: несоответствие типов со знаком и без знака
         C:\Users\noname\Desktop\123\SD2\lab09My\lab09\lab09\lab09.cpp(143,32): warning C4244: инициализация: преобразование "double" в "float", возможна потеря данных

    Предупреждений: 3
    Ошибок: 0

Прошло времени 00:00:01.54
