Сборка начата 23.09.2022 15:00:47.
Уровень детализации журнала: Normal.     1>Проект "C:\Users\noname\Desktop\123\SD2\lab03\lab3\lab3\lab3.vcxproj" в узле 2 (целевые объекты Build).
     1>InitializeBuildStatus:
         Создание "Debug\lab3.tlog\unsuccessfulbuild", так как было задано "AlwaysCreate".
       ClCompile:
         C:\Program Files (x86)\Microsoft Visual Studio\2019\Community\VC\Tools\MSVC\14.29.30133\bin\HostX86\x86\CL.exe /c /ZI /JMC /nologo /W3 /WX- /diagnostics:column /sdl /Od /Oy- /D WIN32 /D _DEBUG /D _CONSOLE /D _UNICODE /D UNICODE /Gm- /EHsc /RTC1 /MDd /GS /fp:precise /permissive- /Zc:wchar_t /Zc:forScope /Zc:inline /Fo"Debug\\" /Fd"Debug\vc142.pdb" /external:W3 /Gd /TP /analyze- /FC /errorReport:prompt lab3.cpp
         lab3.cpp
     1>C:\Users\noname\Desktop\123\SD2\lab03\lab3\lab3\lab3.cpp(27,13): warning C4326: возвращаемый тип "main" должен быть "int", а не "void"
     1>C:\Users\noname\Desktop\123\SD2\lab03\lab3\lab3\lab3.cpp(61,5): warning C4551: в вызове функции отсутствует список аргументов
       Link:
         C:\Program Files (x86)\Microsoft Visual Studio\2019\Community\VC\Tools\MSVC\14.29.30133\bin\HostX86\x86\link.exe /ERRORREPORT:PROMPT /OUT:"C:\Users\noname\Desktop\123\SD2\lab03\lab3\Debug\lab3.exe" /INCREMENTAL /ILK:"Debug\lab3.ilk" /NOLOGO kernel32.lib user32.lib gdi32.lib winspool.lib comdlg32.lib advapi32.lib shell32.lib ole32.lib oleaut32.lib uuid.lib odbc32.lib odbccp32.lib /MANIFEST /MANIFESTUAC:"level='asInvoker' uiAccess='false'" /manifest:embed /DEBUG /PDB:"C:\Users\noname\Desktop\123\SD2\lab03\lab3\Debug\lab3.pdb" /SUBSYSTEM:CONSOLE /TLBID:1 /DYNAMICBASE /NXCOMPAT /IMPLIB:"C:\Users\noname\Desktop\123\SD2\lab03\lab3\Debug\lab3.lib" /MACHINE:X86 Debug\lab3.obj
         lab3.vcxproj -> C:\Users\noname\Desktop\123\SD2\lab03\lab3\Debug\lab3.exe
       FinalizeBuildStatus:
         Файл "Debug\lab3.tlog\unsuccessfulbuild" удаляется.
         Обращение к "Debug\lab3.tlog\lab3.lastbuildstate".
     1>Сборка проекта "C:\Users\noname\Desktop\123\SD2\lab03\lab3\lab3\lab3.vcxproj" завершена (целевые объекты Build).

Сборка успешно завершена.

       "C:\Users\noname\Desktop\123\SD2\lab03\lab3\lab3\lab3.vcxproj" (целевой объект Build ) (1) ->
       (Целевой объект ClCompile) -> 
         C:\Users\noname\Desktop\123\SD2\lab03\lab3\lab3\lab3.cpp(27,13): warning C4326: возвращаемый тип "main" должен быть "int", а не "void"
         C:\Users\noname\Desktop\123\SD2\lab03\lab3\lab3\lab3.cpp(61,5): warning C4551: в вызове функции отсутствует список аргументов

    Предупреждений: 2
    Ошибок: 0

Прошло времени 00:00:01.16
